2025-05-23 19:20:00 | INFO | repo=eren | action=commit
2025-11-03 12:40:00 | DEBUG | repo=eren | action=commit
2025-05-25 20:11:00 | WARN | repo=eren | action=commit
2025-02-07 07:37:00 | DEBUG | repo=eren | action=commit
2025-10-11 13:48:00 | DEBUG | repo=eren | action=commit
2025-04-01 18:03:00 | INFO | repo=eren | action=commit
2025-12-11 08:32:00 | WARN | repo=eren | action=commit
2025-06-06 18:47:00 | WARN | repo=eren | action=commit
2025-02-27 18:20:00 | WARN | repo=eren | action=commit
2025-12-04 10:55:00 | WARN | repo=eren | action=pull
2025-12-26 15:09:00 | DEBUG | repo=eren | action=commit
2025-09-25 12:22:00 | DEBUG | repo=eren | action=commit
2025-01-13 16:52:00 | DEBUG | repo=eren | action=edit | files=1
2025-10-18 15:24:00 | WARN | repo=eren | action=commit
2025-10-25 07:14:00 | DEBUG | repo=eren | action=commit
2025-02-18 11:37:00 | WARN | repo=eren | action=edit | files=4
2025-12-27 08:03:00 | WARN | repo=eren | action=commit
2025-07-22 16:38:00 | INFO | repo=eren | action=commit
2025-09-03 07:27:00 | WARN | repo=eren | action=commit
2025-09-04 20:14:00 | DEBUG | repo=eren | action=test | passed=true
2025-07-23 09:09:00 | DEBUG | repo=eren | action=commit
2025-04-17 21:53:00 | WARN | repo=eren | action=commit
2025-11-13 11:49:00 | INFO | repo=eren | action=commit
2025-05-22 08:58:00 | WARN | repo=eren | action=commit
2025-12-21 11:37:00 | WARN | repo=eren | action=edit | files=3
2025-01-01 16:53:00 | INFO | repo=eren | action=commit
2025-02-18 21:36:00 | WARN | repo=eren | action=test | passed=true
2025-06-25 21:39:00 | INFO | repo=eren | action=pull
2025-03-19 15:14:00 | DEBUG | repo=eren | action=commit
2025-07-06 18:28:00 | WARN | repo=eren | action=commit
2025-06-06 19:44:00 | DEBUG | repo=eren | action=commit
2025-03-23 17:36:00 | WARN | repo=eren | action=commit
2025-01-21 21:27:00 | INFO | repo=eren | action=test | passed=true
2025-12-14 18:52:00 | WARN | repo=eren | action=pull
2025-01-23 16:22:00 | WARN | repo=eren | action=commit
2025-09-25 16:26:00 | WARN | repo=eren | action=pull
2025-08-21 10:09:00 | DEBUG | repo=eren | action=commit
2025-03-27 20:52:00 | INFO | repo=eren | action=commit
2025-04-15 08:50:00 | DEBUG | repo=eren | action=edit | files=2
2025-03-25 18:52:00 | INFO | repo=eren | action=test | passed=true
2025-12-17 19:33:00 | WARN | repo=eren | action=commit
2025-05-06 21:49:00 | WARN | repo=eren | action=commit
2025-11-18 09:42:00 | DEBUG | repo=eren | action=commit
2025-11-12 20:01:00 | INFO | repo=eren | action=commit
2025-03-17 07:26:00 | WARN | repo=eren | action=commit
2025-05-25 20:58:00 | DEBUG | repo=eren | action=commit
2025-06-28 08:13:00 | INFO | repo=eren | action=commit
2025-03-05 09:00:00 | WARN | repo=eren | action=commit
2025-01-02 19:08:00 | DEBUG | repo=eren | action=edit | files=2
2025-02-18 09:17:00 | WARN | repo=eren | action=commit
2025-02-12 10:47:00 | INFO | repo=eren | action=pull
2025-04-01 08:56:00 | DEBUG | repo=eren | action=pull
2025-09-24 16:23:00 | DEBUG | repo=eren | action=test | passed=true
2025-09-01 11:27:00 | WARN | repo=eren | action=test | passed=true
2025-05-12 20:08:00 | DEBUG | repo=eren | action=commit
2025-08-27 18:15:00 | DEBUG | repo=eren | action=edit | files=3
2025-02-21 13:00:00 | WARN | repo=eren | action=commit
2025-07-16 09:44:00 | DEBUG | repo=eren | action=commit
2025-09-27 20:51:00 | WARN | repo=eren | action=commit
2025-01-13 15:48:00 | DEBUG | repo=eren | action=edit | files=3
2025-02-14 13:29:00 | DEBUG | repo=eren | action=commit
2025-01-12 12:01:00 | DEBUG | repo=eren | action=commit
2025-11-24 16:32:00 | WARN | repo=eren | action=test | passed=true
2025-06-15 07:52:00 | WARN | repo=eren | action=pull
2025-05-18 07:53:00 | DEBUG | repo=eren | action=pull
2025-11-09 19:16:00 | DEBUG | repo=eren | action=commit
2025-08-15 20:02:00 | WARN | repo=eren | action=commit
2025-11-23 11:00:00 | INFO | repo=eren | action=commit
2025-03-27 07:59:00 | DEBUG | repo=eren | action=commit
2025-02-19 07:31:00 | WARN | repo=eren | action=commit
2025-08-17 16:23:00 | INFO | repo=eren | action=commit
2025-09-10 20:28:00 | INFO | repo=eren | action=commit
2025-12-13 17:55:00 | DEBUG | repo=eren | action=edit | files=4
2025-04-19 18:55:00 | INFO | repo=eren | action=commit
2025-05-21 17:55:00 | INFO | repo=eren | action=test | passed=true
2025-11-20 20:31:00 | INFO | repo=eren | action=commit
2025-04-16 19:57:00 | WARN | repo=eren | action=commit
2025-08-05 18:03:00 | INFO | repo=eren | action=commit
2025-08-26 11:37:00 | INFO | repo=eren | action=commit
2025-12-15 08:59:00 | INFO | repo=eren | action=commit
2025-08-28 18:19:00 | WARN | repo=eren | action=commit
2025-04-13 21:30:00 | DEBUG | repo=eren | action=commit
2025-12-14 10:58:00 | INFO | repo=eren | action=commit
2025-09-20 15:34:00 | DEBUG | repo=eren | action=commit
2025-01-17 11:11:00 | INFO | repo=eren | action=commit
2025-05-06 20:42:00 | INFO | repo=eren | action=edit | files=3
2025-02-06 21:46:00 | INFO | repo=eren | action=commit
2025-07-08 21:13:00 | WARN | repo=eren | action=commit
2025-05-20 15:39:00 | DEBUG | repo=eren | action=commit
2025-07-27 18:55:00 | INFO | repo=eren | action=pull
2025-04-09 09:25:00 | INFO | repo=eren | action=test | passed=true
2025-10-06 16:42:00 | WARN | repo=eren | action=commit
2025-02-08 13:51:00 | WARN | repo=eren | action=commit
2025-07-06 09:18:00 | DEBUG | repo=eren | action=commit
2025-05-06 15:01:00 | INFO | repo=eren | action=commit
2025-01-06 10:29:00 | DEBUG | repo=eren | action=commit
2025-03-14 11:36:00 | WARN | repo=eren | action=commit
2025-10-22 17:21:00 | INFO | repo=eren | action=test | passed=true
2025-07-24 09:48:00 | DEBUG | repo=eren | action=commit
2025-05-10 16:36:00 | WARN | repo=eren | action=commit
2025-05-10 08:09:00 | WARN | repo=eren | action=edit | files=2
2025-11-21 07:44:00 | INFO | repo=eren | action=test | passed=true
2025-04-19 09:01:00 | DEBUG | repo=eren | action=commit
2025-03-09 10:19:00 | INFO | repo=eren | action=commit
2025-03-21 17:00:00 | WARN | repo=eren | action=commit
2025-10-21 16:46:00 | DEBUG | repo=eren | action=commit
2025-03-01 21:28:00 | INFO | repo=eren | action=commit
2025-05-11 11:34:00 | DEBUG | repo=eren | action=test | passed=true
2026-09-27 21:11:00 | WARN | repo=eren | action=commit
2026-07-12 17:23:00 | WARN | repo=eren | action=commit
2026-01-08 17:37:00 | INFO | repo=eren | action=commit
2026-03-15 17:12:00 | WARN | repo=eren | action=test | passed=true
2026-08-12 13:34:00 | DEBUG | repo=eren | action=commit
2026-01-19 20:05:00 | INFO | repo=eren | action=commit
2026-09-03 08:41:00 | DEBUG | repo=eren | action=commit
2026-10-08 08:06:00 | DEBUG | repo=eren | action=commit
2026-03-11 19:53:00 | DEBUG | repo=eren | action=test | passed=true
2026-05-09 09:12:00 | INFO | repo=eren | action=commit
2026-10-08 21:52:00 | WARN | repo=eren | action=test | passed=true
2026-11-14 08:32:00 | DEBUG | repo=eren | action=commit
2026-01-27 21:39:00 | DEBUG | repo=eren | action=commit
2026-05-02 19:51:00 | DEBUG | repo=eren | action=commit
2025-11-16 17:40:00 | INFO | repo=eren | action=commit
2025-10-12 10:41:00 | DEBUG | repo=eren | action=commit
2025-04-08 21:12:00 | INFO | repo=eren | action=pull
2025-02-05 07:32:00 | DEBUG | repo=eren | action=commit
2025-02-09 07:05:00 | WARN | repo=eren | action=commit
2025-02-02 19:44:00 | DEBUG | repo=eren | action=commit
2025-04-06 19:33:00 | INFO | repo=eren | action=commit
2025-06-28 15:01:00 | WARN | repo=eren | action=test | passed=true
2025-02-25 10:40:00 | DEBUG | repo=eren | action=commit
2025-12-05 08:42:00 | DEBUG | repo=eren | action=commit
2025-04-22 11:42:00 | INFO | repo=eren | action=commit
2025-02-14 10:36:00 | WARN | repo=eren | action=commit
2025-06-08 11:06:00 | INFO | repo=eren | action=commit
2025-04-28 21:03:00 | DEBUG | repo=eren | action=commit
2025-08-25 11:26:00 | INFO | repo=eren | action=commit
2025-02-15 19:22:00 | INFO | repo=eren | action=commit
2025-05-14 09:26:00 | DEBUG | repo=eren | action=pull
2025-11-20 13:39:00 | DEBUG | repo=eren | action=commit
2025-10-08 16:54:00 | INFO | repo=eren | action=commit
2025-12-14 15:30:00 | INFO | repo=eren | action=commit
2025-01-27 20:50:00 | WARN | repo=eren | action=commit
2025-04-11 09:45:00 | WARN | repo=eren | action=edit | files=5
2025-04-27 19:07:00 | INFO | repo=eren | action=commit
2025-09-03 12:33:00 | WARN | repo=eren | action=pull
2025-07-08 07:00:00 | WARN | repo=eren | action=commit
2025-10-24 18:22:00 | DEBUG | repo=eren | action=pull
2025-10-24 16:18:00 | DEBUG | repo=eren | action=edit | files=4
2025-02-25 21:26:00 | DEBUG | repo=eren | action=pull
2025-11-21 18:37:00 | WARN | repo=eren | action=commit
2025-02-16 09:52:00 | DEBUG | repo=eren | action=commit
2025-06-09 09:37:00 | DEBUG | repo=eren | action=test | passed=true
2025-06-14 07:38:00 | INFO | repo=eren | action=commit
2025-10-27 17:30:00 | INFO | repo=eren | action=commit
2025-10-04 16:29:00 | DEBUG | repo=eren | action=commit
2025-04-20 12:10:00 | INFO | repo=eren | action=commit
2025-07-11 08:22:00 | WARN | repo=eren | action=commit
2025-05-28 16:34:00 | INFO | repo=eren | action=commit
2025-06-22 21:21:00 | INFO | repo=eren | action=commit
2025-10-02 18:09:00 | INFO | repo=eren | action=commit
2025-01-12 14:31:00 | WARN | repo=eren | action=test | passed=true
2025-07-02 10:42:00 | INFO | repo=eren | action=commit
2025-09-07 07:26:00 | INFO | repo=eren | action=commit
2025-07-10 14:45:00 | WARN | repo=eren | action=pull
2025-05-09 19:11:00 | DEBUG | repo=eren | action=commit
2025-07-11 20:38:00 | INFO | repo=eren | action=commit
2025-11-11 10:37:00 | WARN | repo=eren | action=commit
2025-01-24 07:43:00 | WARN | repo=eren | action=commit
2025-04-17 17:49:00 | DEBUG | repo=eren | action=commit
2025-11-02 08:53:00 | WARN | repo=eren | action=edit | files=4
2025-07-24 11:00:00 | WARN | repo=eren | action=test | passed=true
2025-02-10 18:10:00 | INFO | repo=eren | action=commit
2025-11-14 14:48:00 | INFO | repo=eren | action=commit
2025-11-27 12:35:00 | DEBUG | repo=eren | action=pull
2025-10-07 21:42:00 | INFO | repo=eren | action=commit
2025-12-07 08:58:00 | DEBUG | repo=eren | action=commit
2025-05-19 11:53:00 | DEBUG | repo=eren | action=commit
2025-09-18 21:56:00 | DEBUG | repo=eren | action=commit
2025-07-27 21:20:00 | INFO | repo=eren | action=commit
2025-07-18 20:15:00 | INFO | repo=eren | action=test | passed=true
2025-09-14 21:36:00 | WARN | repo=eren | action=commit
2025-10-26 18:00:00 | DEBUG | repo=eren | action=test | passed=true
2025-05-21 11:59:00 | WARN | repo=eren | action=commit
2025-02-17 18:09:00 | DEBUG | repo=eren | action=test | passed=true
2025-10-17 21:08:00 | WARN | repo=eren | action=commit
2025-01-04 20:35:00 | INFO | repo=eren | action=pull
2025-12-14 21:12:00 | DEBUG | repo=eren | action=commit
2025-01-24 07:27:00 | DEBUG | repo=eren | action=pull
2025-03-21 07:17:00 | INFO | repo=eren | action=commit
2025-09-26 11:17:00 | WARN | repo=eren | action=commit
2025-11-13 21:35:00 | DEBUG | repo=eren | action=commit
2025-07-09 18:08:00 | WARN | repo=eren | action=test | passed=true
2025-04-20 07:43:00 | INFO | repo=eren | action=commit
2025-09-21 07:29:00 | DEBUG | repo=eren | action=pull
2025-02-04 09:17:00 | WARN | repo=eren | action=test | passed=true
2025-06-06 21:14:00 | INFO | repo=eren | action=test | passed=true
2025-08-17 17:56:00 | INFO | repo=eren | action=commit
2025-01-04 10:41:00 | INFO | repo=eren | action=edit | files=3
2025-05-02 12:02:00 | INFO | repo=eren | action=commit
2025-01-17 07:11:00 | DEBUG | repo=eren | action=commit
2025-07-02 19:50:00 | DEBUG | repo=eren | action=pull
2025-10-27 10:06:00 | INFO | repo=eren | action=commit
2025-05-11 11:31:00 | INFO | repo=eren | action=commit
2025-11-17 07:07:00 | WARN | repo=eren | action=pull
2025-06-28 09:17:00 | INFO | repo=eren | action=edit | files=4
2025-08-11 07:04:00 | WARN | repo=eren | action=test | passed=true
2025-08-18 18:50:00 | INFO | repo=eren | action=commit
2025-03-20 13:30:00 | INFO | repo=eren | action=commit
2024-01-21 19:43:00 | WARN | repo=eren | action=commit
2025-04-28 09:57:00 | INFO | repo=eren | action=commit
2024-12-10 18:08:00 | WARN | repo=eren | action=commit
2025-09-18 15:59:00 | DEBUG | repo=eren | action=commit
2024-02-25 12:45:00 | WARN | repo=eren | action=commit
2025-11-20 19:36:00 | WARN | repo=eren | action=commit
2025-04-28 12:25:00 | WARN | repo=eren | action=commit
2024-11-16 20:51:00 | INFO | repo=eren | action=edit | files=1
2025-12-18 08:19:00 | DEBUG | repo=eren | action=commit
2024-10-14 21:42:00 | INFO | repo=eren | action=commit
2025-12-07 18:54:00 | DEBUG | repo=eren | action=commit
2024-03-06 13:46:00 | DEBUG | repo=eren | action=commit
2024-01-11 15:37:00 | INFO | repo=eren | action=pull
2024-04-22 13:11:00 | DEBUG | repo=eren | action=test | passed=true
2024-03-14 15:01:00 | WARN | repo=eren | action=commit
2025-10-28 12:32:00 | WARN | repo=eren | action=pull
2024-12-11 07:54:00 | INFO | repo=eren | action=test | passed=true
2024-08-17 13:29:00 | WARN | repo=eren | action=commit
2025-11-23 08:18:00 | WARN | repo=eren | action=commit
2024-07-12 08:17:00 | INFO | repo=eren | action=commit
2024-04-21 19:30:00 | DEBUG | repo=eren | action=commit
2024-10-25 08:45:00 | INFO | repo=eren | action=edit | files=3
2024-09-01 16:47:00 | INFO | repo=eren | action=commit
2025-06-28 15:17:00 | INFO | repo=eren | action=commit
2025-04-18 10:47:00 | DEBUG | repo=eren | action=commit
2025-11-02 21:18:00 | INFO | repo=eren | action=commit
2024-04-22 13:52:00 | DEBUG | repo=eren | action=commit
2025-06-12 20:19:00 | WARN | repo=eren | action=commit
2024-04-17 19:33:00 | DEBUG | repo=eren | action=test | passed=true
2025-01-13 10:43:00 | DEBUG | repo=eren | action=commit
2025-11-04 17:48:00 | INFO | repo=eren | action=commit
2025-05-03 13:35:00 | INFO | repo=eren | action=commit
2024-07-02 11:19:00 | DEBUG | repo=eren | action=commit
2025-05-15 07:59:00 | WARN | repo=eren | action=commit
2024-11-06 08:59:00 | WARN | repo=eren | action=test | passed=true
2024-04-17 17:29:00 | INFO | repo=eren | action=test | passed=true
2024-02-05 18:14:00 | INFO | repo=eren | action=commit
2024-06-16 18:18:00 | WARN | repo=eren | action=commit
2024-08-25 16:45:00 | INFO | repo=eren | action=commit
2025-05-25 07:32:00 | DEBUG | repo=eren | action=pull
2024-04-17 07:19:00 | DEBUG | repo=eren | action=test | passed=true
2025-09-19 08:15:00 | DEBUG | repo=eren | action=edit | files=2
2025-04-23 21:30:00 | INFO | repo=eren | action=test | passed=true
2024-09-26 14:15:00 | DEBUG | repo=eren | action=test | passed=true
2025-03-10 09:54:00 | DEBUG | repo=eren | action=pull
2025-10-16 21:55:00 | DEBUG | repo=eren | action=edit | files=2
2025-04-23 20:33:00 | DEBUG | repo=eren | action=commit
2025-10-04 19:43:00 | DEBUG | repo=eren | action=commit
2025-01-11 08:49:00 | WARN | repo=eren | action=commit
2025-04-28 07:24:00 | WARN | repo=eren | action=commit
2025-10-21 11:53:00 | DEBUG | repo=eren | action=test | passed=true
2025-04-20 19:25:00 | DEBUG | repo=eren | action=pull
2025-01-12 21:49:00 | INFO | repo=eren | action=commit
2025-12-17 13:18:00 | INFO | repo=eren | action=pull
2025-09-24 10:40:00 | WARN | repo=eren | action=commit
2025-04-12 08:46:00 | WARN | repo=eren | action=test | passed=true
2025-10-01 16:28:00 | WARN | repo=eren | action=commit
2025-08-08 11:44:00 | WARN | repo=eren | action=commit
2025-10-18 14:29:00 | INFO | repo=eren | action=test | passed=true
2025-08-04 11:44:00 | WARN | repo=eren | action=edit | files=5
2025-03-28 07:07:00 | DEBUG | repo=eren | action=pull
2025-05-12 16:30:00 | INFO | repo=eren | action=commit
2025-08-14 18:02:00 | WARN | repo=eren | action=edit | files=3
2025-06-23 16:58:00 | INFO | repo=eren | action=commit
2025-11-06 12:52:00 | WARN | repo=eren | action=edit | files=3
2025-05-17 07:50:00 | INFO | repo=eren | action=commit
2025-01-28 09:16:00 | DEBUG | repo=eren | action=commit
2025-05-23 17:27:00 | WARN | repo=eren | action=commit
2025-02-20 20:18:00 | INFO | repo=eren | action=commit
2025-05-15 17:45:00 | INFO | repo=eren | action=commit
2025-09-17 19:27:00 | INFO | repo=eren | action=commit
2025-11-23 08:40:00 | DEBUG | repo=eren | action=commit
2025-02-01 19:35:00 | INFO | repo=eren | action=pull
2025-02-25 08:13:00 | INFO | repo=eren | action=commit
2025-08-05 16:23:00 | INFO | repo=eren | action=commit
2025-07-14 07:43:00 | WARN | repo=eren | action=edit | files=4
2025-08-17 13:20:00 | INFO | repo=eren | action=commit
2025-08-14 19:16:00 | DEBUG | repo=eren | action=commit
2025-07-21 15:09:00 | INFO | repo=eren | action=pull
2025-02-17 07:09:00 | WARN | repo=eren | action=commit
2025-11-28 16:01:00 | INFO | repo=eren | action=commit
2025-09-14 18:24:00 | DEBUG | repo=eren | action=commit
2025-03-15 13:43:00 | INFO | repo=eren | action=commit
2025-08-15 18:56:00 | DEBUG | repo=eren | action=commit
2025-10-13 08:36:00 | WARN | repo=eren | action=pull
2025-09-02 07:15:00 | WARN | repo=eren | action=commit
2025-03-24 11:04:00 | DEBUG | repo=eren | action=test | passed=true
2025-10-11 20:09:00 | WARN | repo=eren | action=commit
2025-06-25 19:12:00 | DEBUG | repo=eren | action=pull
2025-06-16 14:25:00 | INFO | repo=eren | action=commit
2025-01-08 19:10:00 | INFO | repo=eren | action=commit
2025-06-28 14:33:00 | DEBUG | repo=eren | action=edit | files=3
2025-02-07 15:33:00 | INFO | repo=eren | action=test | passed=true
2025-04-19 09:50:00 | INFO | repo=eren | action=commit
2025-05-19 15:28:00 | INFO | repo=eren | action=commit
2025-05-01 08:42:00 | INFO | repo=eren | action=commit
2025-02-12 12:22:00 | INFO | repo=eren | action=pull
2025-07-18 13:50:00 | INFO | repo=eren | action=commit
2025-12-14 21:15:00 | DEBUG | repo=eren | action=pull
2025-04-07 07:02:00 | WARN | repo=eren | action=commit
2025-07-19 17:26:00 | INFO | repo=eren | action=commit
2025-02-15 16:53:00 | WARN | repo=eren | action=commit
2025-11-05 16:44:00 | DEBUG | repo=eren | action=commit
2025-01-04 18:22:00 | DEBUG | repo=eren | action=commit
2025-11-18 21:50:00 | INFO | repo=eren | action=edit | files=3
2025-11-04 09:16:00 | WARN | repo=eren | action=commit
2025-07-09 08:00:00 | INFO | repo=eren | action=commit
2025-10-27 07:49:00 | WARN | repo=eren | action=commit
2025-07-20 17:04:00 | INFO | repo=eren | action=commit
2025-02-13 21:30:00 | WARN | repo=eren | action=commit
2025-03-11 14:51:00 | DEBUG | repo=eren | action=edit | files=3
2025-06-06 19:30:00 | WARN | repo=eren | action=commit
2025-06-11 10:01:00 | INFO | repo=eren | action=commit
2025-03-21 17:43:00 | INFO | repo=eren | action=commit
2025-11-19 07:18:00 | WARN | repo=eren | action=commit
2025-10-23 10:43:00 | WARN | repo=eren | action=commit
2025-10-10 21:20:00 | DEBUG | repo=eren | action=commit
2025-11-13 11:18:00 | DEBUG | repo=eren | action=pull
2025-04-26 20:14:00 | WARN | repo=eren | action=test | passed=true
2025-11-24 19:17:00 | WARN | repo=eren | action=commit
2025-07-28 18:30:00 | DEBUG | repo=eren | action=commit
2025-04-19 14:57:00 | WARN | repo=eren | action=test | passed=true
2025-09-19 15:29:00 | INFO | repo=eren | action=commit
2025-10-09 08:51:00 | WARN | repo=eren | action=test | passed=true
2025-06-22 09:02:00 | WARN | repo=eren | action=pull
2025-05-06 11:38:00 | INFO | repo=eren | action=test | passed=true
2025-06-22 13:51:00 | WARN | repo=eren | action=pull
2025-07-22 08:43:00 | DEBUG | repo=eren | action=commit
2025-10-12 10:07:00 | DEBUG | repo=eren | action=test | passed=true
2025-12-04 18:00:00 | WARN | repo=eren | action=pull
2025-10-07 21:36:00 | DEBUG | repo=eren | action=test | passed=true
2025-09-08 18:16:00 | DEBUG | repo=eren | action=commit
2025-11-14 10:17:00 | DEBUG | repo=eren | action=commit
2025-06-17 13:12:00 | DEBUG | repo=eren | action=edit | files=2
2025-08-03 11:35:00 | DEBUG | repo=eren | action=test | passed=true
2025-05-26 08:10:00 | DEBUG | repo=eren | action=commit
2025-01-19 16:10:00 | WARN | repo=eren | action=pull
2025-08-14 20:21:00 | WARN | repo=eren | action=pull
2025-12-17 17:38:00 | INFO | repo=eren | action=commit
2025-12-18 18:58:00 | INFO | repo=eren | action=commit
2025-12-21 17:04:00 | INFO | repo=eren | action=pull
2025-06-18 08:49:00 | INFO | repo=eren | action=commit
2025-01-28 15:35:00 | DEBUG | repo=eren | action=commit
2025-01-06 07:39:00 | DEBUG | repo=eren | action=commit
2025-12-27 19:22:00 | WARN | repo=eren | action=edit | files=1
2025-05-20 10:48:00 | WARN | repo=eren | action=pull
2025-08-13 14:12:00 | DEBUG | repo=eren | action=commit
2025-03-28 08:39:00 | DEBUG | repo=eren | action=pull
2025-08-17 10:19:00 | DEBUG | repo=eren | action=commit
2025-09-26 20:00:00 | DEBUG | repo=eren | action=commit
2025-03-09 19:08:00 | WARN | repo=eren | action=commit
2025-11-25 08:20:00 | DEBUG | repo=eren | action=commit
2025-12-12 13:03:00 | WARN | repo=eren | action=commit
2025-05-04 18:27:00 | DEBUG | repo=eren | action=test | passed=true
2025-02-06 07:03:00 | WARN | repo=eren | action=commit
2025-03-25 21:31:00 | WARN | repo=eren | action=commit
2025-10-07 19:01:00 | DEBUG | repo=eren | action=edit | files=1
2025-10-23 11:47:00 | INFO | repo=eren | action=commit
2025-10-09 19:37:00 | WARN | repo=eren | action=commit
2025-08-27 19:36:00 | INFO | repo=eren | action=commit
2025-08-28 10:58:00 | INFO | repo=eren | action=commit
2025-02-21 19:55:00 | INFO | repo=eren | action=commit
2025-08-17 21:16:00 | WARN | repo=eren | action=commit
2025-08-23 21:08:00 | INFO | repo=eren | action=commit
2025-11-03 07:42:00 | DEBUG | repo=eren | action=commit
2025-04-16 07:56:00 | WARN | repo=eren | action=test | passed=true
2025-05-01 20:56:00 | DEBUG | repo=eren | action=commit
2025-12-08 14:36:00 | INFO | repo=eren | action=pull
2025-03-08T17:57:00 | nonce=11734487643698782319
2025-06-18T14:52:00 | nonce=17599601839517591144
2025-05-11T16:00:00 | nonce=7751957702439706645
2025-10-20T18:27:00 | nonce=18251494555588772558
2025-08-02T20:11:00 | nonce=9915598669230267032
2025-12-10T09:36:00 | nonce=11507880322217692473
2025-10-03T16:42:00 | nonce=1091759451965878778
2025-02-17T15:54:00 | nonce=11901444121637263141
2025-12-01T13:55:00 | nonce=621307512659217627
2025-09-26T10:27:00 | nonce=6923802420877930859
2025-12-02T13:01:00 | nonce=5172353797292333631
2025-10-06T17:13:00 | nonce=10811676714923189288
2025-02-17T12:20:00 | nonce=18061336371566510317
2025-03-15T13:53:00 | nonce=8384197735601013463
2025-02-19T10:47:00 | nonce=11404603400482532750
2025-02-21T17:31:00 | nonce=5498666473460517342
2025-07-08T17:10:00 | nonce=12564591563353145749
2025-08-05T09:52:00 | nonce=8290758085256186449
2025-08-12T19:13:00 | nonce=1286175385095005810
2025-08-24T10:48:00 | nonce=6734453893880981810
2025-11-15T12:23:00 | nonce=10979823020176292243
2024-01-06T20:04:00 | nonce=8782757897677526279
2025-12-05T14:29:00 | nonce=16733018167106553464
2025-02-23T11:52:00 | nonce=15712437335388815852
2024-05-24T13:12:00 | nonce=10717014913763251806
2024-01-16T12:56:00 | nonce=17498806609809085970
2024-09-01T14:09:00 | nonce=107179777838439708
2024-01-13T09:18:00 | nonce=16668175053598875340
2025-07-17T20:15:00 | nonce=14808771901605019221
2025-04-22T12:41:00 | nonce=3750208525009217466
2024-08-01T19:03:00 | nonce=16876939435513274857
2025-12-27T10:52:00 | nonce=17353454180298091598
2024-10-07T18:52:00 | nonce=2220403422285157056
2024-05-10T12:21:00 | nonce=8809154842166160316
2024-07-20T10:47:00 | nonce=6880901095212355287
2024-07-29T13:15:00 | nonce=15446939855188795215
2024-08-29T11:19:00 | nonce=18006700212566853271
2024-12-13T20:23:00 | nonce=5567587425109914462
2025-01-16T10:57:00 | nonce=12973932367364852959
2025-03-01T09:19:00 | nonce=3953200764488165813
2025-03-09T09:35:00 | nonce=2027964390914482402
2025-03-11T14:25:00 | nonce=14003936107932390531
2025-04-12T13:53:00 | nonce=13842849396901952888
2025-06-02T11:00:00 | nonce=12711716399544515223
2025-06-30T20:30:00 | nonce=17561560174741589291
2025-08-05T13:42:00 | nonce=565113419033658705
2025-10-30T09:22:00 | nonce=1694501997696670420
2025-04-26T09:01:00 | nonce=12995520479229341383
2025-01-09T17:39:00 | nonce=16006788188343591607
2025-09-04T10:44:00 | nonce=7077726654862064221
2025-07-07T19:52:00 | nonce=11554271539202779943
2025-09-10T11:01:00 | nonce=2270448208573817844
2025-10-08T10:22:00 | nonce=8314357693932693570
2025-01-02T10:59:00 | nonce=11980160161409334129
2025-06-08T15:03:00 | nonce=14757348581977076778
2025-02-06T15:34:00 | nonce=14810001568953353870
